Build started 2/28/2016 8:54:06 PM.
     1>Project "C:\Users\xenon\Documents\GitHub\charge-readout-scripts\rootGUI\sis3316_root_gui.vcxproj" on node 2 (build target(s)).
     1>InitializeBuildStatus:
         Touching "Release\sis3316_root_gui.unsuccessfulbuild".
       ClCompile:
         C:\Program Files (x86)\Microsoft Visual Studio 10.0\VC\bin\CL.exe /c /Zi /nologo /W3 /WX- /O2 /Oi /Oy- /GL /D WIN32 /D NDEBUG /D _CONSOLE /D _UNICODE /D UNICODE /Gm- /EHsc /MD /GS /Gy /fp:precise /Zc:wchar_t /Zc:forScope /Fo"Release\\" /Fd"Release\vc100.pdb" /Gd /TP /analyze- /errorReport:prompt ..\..\..\..\libraries_and_includes\sis3316_class_library\sis3316_class.cpp ..\..\..\..\libraries_and_includes\sis_vme_master_class_lib\sis3153ETH_vme_class.cpp ..\..\..\..\libraries_and_includes\sis_vme_master_class_lib\sis3316_ethernet_access_class.cpp sis3316_root_gui_test1.cpp
         sis3316_class.cpp
     1>c1xx : fatal error C1083: Cannot open source file: '..\..\..\..\libraries_and_includes\sis3316_class_library\sis3316_class.cpp': No such file or directory
         sis3153ETH_vme_class.cpp
     1>c1xx : fatal error C1083: Cannot open source file: '..\..\..\..\libraries_and_includes\sis_vme_master_class_lib\sis3153ETH_vme_class.cpp': No such file or directory
         sis3316_ethernet_access_class.cpp
     1>c1xx : fatal error C1083: Cannot open source file: '..\..\..\..\libraries_and_includes\sis_vme_master_class_lib\sis3316_ethernet_access_class.cpp': No such file or directory
         sis3316_root_gui_test1.cpp
     1>c:\root\include\TString.h(503): warning C4996: 'sprintf': This function or variable may be unsafe. Consider using sprintf_s instead. To disable deprecation, use _CRT_SECURE_NO_WARNINGS. See online help for details.
                 C:\Program Files (x86)\Microsoft Visual Studio 10.0\VC\include\stdio.h(371) : see declaration of 'sprintf'
     1>c:\root\include\TString.h(506): warning C4996: 'sprintf': This function or variable may be unsafe. Consider using sprintf_s instead. To disable deprecation, use _CRT_SECURE_NO_WARNINGS. See online help for details.
                 C:\Program Files (x86)\Microsoft Visual Studio 10.0\VC\include\stdio.h(371) : see declaration of 'sprintf'
     1>c:\root\include\TString.h(524): warning C4996: 'sprintf': This function or variable may be unsafe. Consider using sprintf_s instead. To disable deprecation, use _CRT_SECURE_NO_WARNINGS. See online help for details.
                 C:\Program Files (x86)\Microsoft Visual Studio 10.0\VC\include\stdio.h(371) : see declaration of 'sprintf'
     1>c:\root\include\TString.h(535): warning C4996: 'sprintf': This function or variable may be unsafe. Consider using sprintf_s instead. To disable deprecation, use _CRT_SECURE_NO_WARNINGS. See online help for details.
                 C:\Program Files (x86)\Microsoft Visual Studio 10.0\VC\include\stdio.h(371) : see declaration of 'sprintf'
     1>c:\root\include\TString.h(543): warning C4996: 'sprintf': This function or variable may be unsafe. Consider using sprintf_s instead. To disable deprecation, use _CRT_SECURE_NO_WARNINGS. See online help for details.
                 C:\Program Files (x86)\Microsoft Visual Studio 10.0\VC\include\stdio.h(371) : see declaration of 'sprintf'
     1>C:\root\include\TThread.h(115): warning C4996: 'strncpy': This function or variable may be unsafe. Consider using strncpy_s instead. To disable deprecation, use _CRT_SECURE_NO_WARNINGS. See online help for details.
                 C:\Program Files (x86)\Microsoft Visual Studio 10.0\VC\include\string.h(188) : see declaration of 'strncpy'
     1>c:\root\include\TGFrame.h(336): warning C4800: 'int' : forcing value to bool 'true' or 'false' (performance warning)
     1>c:\root\include\TGFrame.h(427): warning C4800: 'int' : forcing value to bool 'true' or 'false' (performance warning)
     1>C:\root\include\TGListTree.h(134): warning C4800: 'int' : forcing value to bool 'true' or 'false' (performance warning)
     1>C:\root\include\TGShutter.h(116): warning C4800: 'TGShutterItem *' : forcing value to bool 'true' or 'false' (performance warning)
     1>c:\root\include\TPad.h(316): warning C4800: 'Int_t' : forcing value to bool 'true' or 'false' (performance warning)
     1>c:\root\include\TPad.h(316): warning C4800: 'Int_t' : forcing value to bool 'true' or 'false' (performance warning)
     1>c:\root\include\TPad.h(317): warning C4800: 'Int_t' : forcing value to bool 'true' or 'false' (performance warning)
     1>c:\root\include\TPad.h(318): warning C4800: 'Int_t' : forcing value to bool 'true' or 'false' (performance warning)
     1>c:\root\include\TPad.h(377): warning C4800: 'TVirtualViewer3D *const ' : forcing value to bool 'true' or 'false' (performance warning)
     1>sis3316_root_gui_test1.cpp(100): warning C4101: 's' : unreferenced local variable
     1>sis3316_root_gui_test1.cpp(96): warning C4101: 'SIS3316_device' : unreferenced local variable
     1>sis3316_root_gui_test1.cpp(3645): warning C4996: 'strcpy': This function or variable may be unsafe. Consider using strcpy_s instead. To disable deprecation, use _CRT_SECURE_NO_WARNINGS. See online help for details.
                 C:\Program Files (x86)\Microsoft Visual Studio 10.0\VC\include\string.h(105) : see declaration of 'strcpy'
     1>sis3316_root_gui_test1.cpp(4103): warning C4244: 'argument' : conversion from 'double' to 'float', possible loss of data
     1>sis3316_root_gui_test1.cpp(4214): warning C4305: 'argument' : truncation from 'double' to 'Float_t'
     1>sis3316_root_gui_test1.cpp(4215): warning C4996: 'sprintf': This function or variable may be unsafe. Consider using sprintf_s instead. To disable deprecation, use _CRT_SECURE_NO_WARNINGS. See online help for details.
                 C:\Program Files (x86)\Microsoft Visual Studio 10.0\VC\include\stdio.h(371) : see declaration of 'sprintf'
     1>sis3316_root_gui_test1.cpp(4217): warning C4996: 'sprintf': This function or variable may be unsafe. Consider using sprintf_s instead. To disable deprecation, use _CRT_SECURE_NO_WARNINGS. See online help for details.
                 C:\Program Files (x86)\Microsoft Visual Studio 10.0\VC\include\stdio.h(371) : see declaration of 'sprintf'
     1>sis3316_root_gui_test1.cpp(4219): warning C4996: 'sprintf': This function or variable may be unsafe. Consider using sprintf_s instead. To disable deprecation, use _CRT_SECURE_NO_WARNINGS. See online help for details.
                 C:\Program Files (x86)\Microsoft Visual Studio 10.0\VC\include\stdio.h(371) : see declaration of 'sprintf'
     1>sis3316_root_gui_test1.cpp(4336): warning C4018: '>=' : signed/unsigned mismatch
     1>sis3316_root_gui_test1.cpp(4466): warning C4996: 'sprintf': This function or variable may be unsafe. Consider using sprintf_s instead. To disable deprecation, use _CRT_SECURE_NO_WARNINGS. See online help for details.
                 C:\Program Files (x86)\Microsoft Visual Studio 10.0\VC\include\stdio.h(371) : see declaration of 'sprintf'
     1>sis3316_root_gui_test1.cpp(4472): warning C4996: 'sprintf': This function or variable may be unsafe. Consider using sprintf_s instead. To disable deprecation, use _CRT_SECURE_NO_WARNINGS. See online help for details.
                 C:\Program Files (x86)\Microsoft Visual Studio 10.0\VC\include\stdio.h(371) : see declaration of 'sprintf'
     1>sis3316_root_gui_test1.cpp(4475): warning C4996: 'sprintf': This function or variable may be unsafe. Consider using sprintf_s instead. To disable deprecation, use _CRT_SECURE_NO_WARNINGS. See online help for details.
                 C:\Program Files (x86)\Microsoft Visual Studio 10.0\VC\include\stdio.h(371) : see declaration of 'sprintf'
     1>sis3316_root_gui_test1.cpp(4480): warning C4996: 'sprintf': This function or variable may be unsafe. Consider using sprintf_s instead. To disable deprecation, use _CRT_SECURE_NO_WARNINGS. See online help for details.
                 C:\Program Files (x86)\Microsoft Visual Studio 10.0\VC\include\stdio.h(371) : see declaration of 'sprintf'
     1>sis3316_root_gui_test1.cpp(4483): warning C4996: 'sprintf': This function or variable may be unsafe. Consider using sprintf_s instead. To disable deprecation, use _CRT_SECURE_NO_WARNINGS. See online help for details.
                 C:\Program Files (x86)\Microsoft Visual Studio 10.0\VC\include\stdio.h(371) : see declaration of 'sprintf'
     1>sis3316_root_gui_test1.cpp(4486): warning C4996: 'fopen': This function or variable may be unsafe. Consider using fopen_s instead. To disable deprecation, use _CRT_SECURE_NO_WARNINGS. See online help for details.
                 C:\Program Files (x86)\Microsoft Visual Studio 10.0\VC\include\stdio.h(234) : see declaration of 'fopen'
     1>sis3316_root_gui_test1.cpp(4496): warning C4996: 'sprintf': This function or variable may be unsafe. Consider using sprintf_s instead. To disable deprecation, use _CRT_SECURE_NO_WARNINGS. See online help for details.
                 C:\Program Files (x86)\Microsoft Visual Studio 10.0\VC\include\stdio.h(371) : see declaration of 'sprintf'
     1>sis3316_root_gui_test1.cpp(4499): warning C4996: 'sprintf': This function or variable may be unsafe. Consider using sprintf_s instead. To disable deprecation, use _CRT_SECURE_NO_WARNINGS. See online help for details.
                 C:\Program Files (x86)\Microsoft Visual Studio 10.0\VC\include\stdio.h(371) : see declaration of 'sprintf'
     1>sis3316_root_gui_test1.cpp(4501): warning C4996: 'fopen': This function or variable may be unsafe. Consider using fopen_s instead. To disable deprecation, use _CRT_SECURE_NO_WARNINGS. See online help for details.
                 C:\Program Files (x86)\Microsoft Visual Studio 10.0\VC\include\stdio.h(234) : see declaration of 'fopen'
     1>sis3316_root_gui_test1.cpp(4607): warning C4244: '=' : conversion from 'Double_t' to 'unsigned int', possible loss of data
     1>sis3316_root_gui_test1.cpp(4671): warning C4305: 'argument' : truncation from 'double' to 'Float_t'
     1>sis3316_root_gui_test1.cpp(4672): warning C4996: 'sprintf': This function or variable may be unsafe. Consider using sprintf_s instead. To disable deprecation, use _CRT_SECURE_NO_WARNINGS. See online help for details.
                 C:\Program Files (x86)\Microsoft Visual Studio 10.0\VC\include\stdio.h(371) : see declaration of 'sprintf'
     1>sis3316_root_gui_test1.cpp(4798): warning C4018: '>=' : signed/unsigned mismatch
     1>sis3316_root_gui_test1.cpp(5276): warning C4996: 'strcpy': This function or variable may be unsafe. Consider using strcpy_s instead. To disable deprecation, use _CRT_SECURE_NO_WARNINGS. See online help for details.
                 C:\Program Files (x86)\Microsoft Visual Studio 10.0\VC\include\string.h(105) : see declaration of 'strcpy'
     1>sis3316_root_gui_test1.cpp(5615): warning C4018: '<' : signed/unsigned mismatch
     1>sis3316_root_gui_test1.cpp(5616): warning C4018: '<' : signed/unsigned mismatch
     1>Done Building Project "C:\Users\xenon\Documents\GitHub\charge-readout-scripts\rootGUI\sis3316_root_gui.vcxproj" (build target(s)) -- FAILED.

Build FAILED.

Time Elapsed 00:00:01.79
