C:\PROJEKTE\SIS3316\SOFTWARE\VC++10-2010\APPLICATIONS\SIS3316_ROOT_GUI\RELEASE\SIS3316_ROOT_GUI.EXE
C:\PROJEKTE\SIS3316\SOFTWARE\VC++10-2010\APPLICATIONS\SIS3316_ROOT_GUI\RELEASE\SIS3316_ROOT_GUI.PDB
C:\projekte\sis3316\software\VC++10-2010\applications\sis3316_root_gui\sis3316_root_gui\Release\cl.command.1.tlog
C:\projekte\sis3316\software\VC++10-2010\applications\sis3316_root_gui\sis3316_root_gui\Release\CL.read.1.tlog
C:\projekte\sis3316\software\VC++10-2010\applications\sis3316_root_gui\sis3316_root_gui\Release\CL.write.1.tlog
C:\PROJEKTE\SIS3316\SOFTWARE\VC++10-2010\APPLICATIONS\SIS3316_ROOT_GUI\SIS3316_ROOT_GUI\RELEASE\GET_CONFIGURATION_PARAMETERS.OBJ
C:\projekte\sis3316\software\VC++10-2010\applications\sis3316_root_gui\sis3316_root_gui\Release\link.command.1.tlog
C:\projekte\sis3316\software\VC++10-2010\applications\sis3316_root_gui\sis3316_root_gui\Release\link.read.1.tlog
C:\projekte\sis3316\software\VC++10-2010\applications\sis3316_root_gui\sis3316_root_gui\Release\link.write.1.tlog
C:\projekte\sis3316\software\VC++10-2010\applications\sis3316_root_gui\sis3316_root_gui\Release\mt.command.1.tlog
C:\projekte\sis3316\software\VC++10-2010\applications\sis3316_root_gui\sis3316_root_gui\Release\mt.read.1.tlog
C:\projekte\sis3316\software\VC++10-2010\applications\sis3316_root_gui\sis3316_root_gui\Release\mt.write.1.tlog
C:\PROJEKTE\SIS3316\SOFTWARE\VC++10-2010\APPLICATIONS\SIS3316_ROOT_GUI\SIS3316_ROOT_GUI\RELEASE\SIS1100W_VME_CLASS.OBJ
C:\PROJEKTE\SIS3316\SOFTWARE\VC++10-2010\APPLICATIONS\SIS3316_ROOT_GUI\SIS3316_ROOT_GUI\RELEASE\SIS3150W_VME_CLASS.OBJ
C:\PROJEKTE\SIS3316\SOFTWARE\VC++10-2010\APPLICATIONS\SIS3316_ROOT_GUI\SIS3316_ROOT_GUI\RELEASE\SIS3153ETH_VME_CLASS.OBJ
C:\PROJEKTE\SIS3316\SOFTWARE\VC++10-2010\APPLICATIONS\SIS3316_ROOT_GUI\SIS3316_ROOT_GUI\RELEASE\SIS3153W_VME_CLASS.OBJ
C:\PROJEKTE\SIS3316\SOFTWARE\VC++10-2010\APPLICATIONS\SIS3316_ROOT_GUI\SIS3316_ROOT_GUI\RELEASE\SIS3316_CLASS.OBJ
C:\PROJEKTE\SIS3316\SOFTWARE\VC++10-2010\APPLICATIONS\SIS3316_ROOT_GUI\SIS3316_ROOT_GUI\RELEASE\SIS3316_ETHERNET_ACCESS_CLASS.OBJ
C:\PROJEKTE\SIS3316\SOFTWARE\VC++10-2010\APPLICATIONS\SIS3316_ROOT_GUI\SIS3316_ROOT_GUI\RELEASE\SIS3316_ROOT_GUI.EXE.INTERMEDIATE.MANIFEST
C:\projekte\sis3316\software\VC++10-2010\applications\sis3316_root_gui\sis3316_root_gui\Release\sis3316_root_gui.vcxprojResolveAssemblyReference.cache
C:\projekte\sis3316\software\VC++10-2010\applications\sis3316_root_gui\sis3316_root_gui\Release\sis3316_root_gui.write.1.tlog
C:\PROJEKTE\SIS3316\SOFTWARE\VC++10-2010\APPLICATIONS\SIS3316_ROOT_GUI\SIS3316_ROOT_GUI\RELEASE\SIS3316_ROOT_GUI_FLASH.OBJ
C:\PROJEKTE\SIS3316\SOFTWARE\VC++10-2010\APPLICATIONS\SIS3316_ROOT_GUI\SIS3316_ROOT_GUI\RELEASE\SIS3316_ROOT_GUI_MAIN.OBJ
C:\PROJEKTE\SIS3316\SOFTWARE\VC++10-2010\APPLICATIONS\SIS3316_ROOT_GUI\SIS3316_ROOT_GUI\RELEASE\SIS3316_ROOT_GUI_TEST1.OBJ
C:\PROJEKTE\SIS3316\SOFTWARE\VC++10-2010\APPLICATIONS\SIS3316_ROOT_GUI\SIS3316_ROOT_GUI\RELEASE\STDAFX.OBJ
C:\PROJEKTE\SIS3316\SOFTWARE\VC++10-2010\APPLICATIONS\SIS3316_ROOT_GUI\SIS3316_ROOT_GUI\RELEASE\VC100.PDB
